Build started 12/22/2016 5:49:33 PM.
     1>Project "C:\Users\Dashuai Qin\Documents\Visual Studio 2013\Projects\image_process\image_process\image_process.vcxproj" on node 2 (Build target(s)).
     1>AddCudaCompileDeps:
         C:\Program Files (x86)\Microsoft Visual Studio 12.0\VC\bin\x86_amd64\cl.exe /E /nologo /showIncludes /TP /D__CUDACC__ /DHAS_LIBTIFF /DHAS_LIBJPEG /DWIN32 /DWIN64 /DNDEBUG /D_CONSOLE /D_MBCS /I"C:\Users\Dashuai Qin\Documents\Visual Studio 2013\Projects\image_process\packages\libtiff.4.0.6.2\build\native\../..//build/native/include/" /I"C:\Users\Dashuai Qin\Documents\Visual Studio 2013\Projects\image_process\packages\libjpeg.9.0.1.4\build\native\../..//build/native/include/" /I"C:\Users\Dashuai Qin\Documents\Visual Studio 2013\Projects\image_process\packages\zlib.v120.windesktop.msvcstl.dyn.rt-dyn.1.2.8.8\build\native\include" /I"C:\Program Files\NVIDIA GPU Computing Toolkit\CUDA\v8.0\include" /I"C:\Program Files\NVIDIA GPU Computing Toolkit\CUDA\v8.0\bin" /I"C:\Program Files\NVIDIA GPU Computing Toolkit\CUDA\v8.0\include" /I. /FIcuda_runtime.h /c "C:\Users\Dashuai Qin\Documents\Visual Studio 2013\Projects\image_process\image_process\image_process.cu" 
     1>Project "C:\Users\Dashuai Qin\Documents\Visual Studio 2013\Projects\image_process\image_process\image_process.vcxproj" (1) is building "C:\Users\Dashuai Qin\Documents\Visual Studio 2013\Projects\image_process\image_process\image_process.vcxproj" (1:2) on node 2 (CudaBuildCore target(s)).
     1>CudaBuildCore:
         Compiling CUDA source file image_process.cu...
         cmd.exe /C "C:\Users\Dashuai Qin\AppData\Local\Temp\tmp2b9cee198f8c440fb909a516f3c62d43.cmd"
         "C:\Program Files\NVIDIA GPU Computing Toolkit\CUDA\v8.0\bin\nvcc.exe" -gencode=arch=compute_20,code=\"sm_20,compute_20\" --use-local-env --cl-version 2013 -ccbin "C:\Program Files (x86)\Microsoft Visual Studio 12.0\VC\bin\x86_amd64"  -I"C:\Users\Dashuai Qin\Documents\Visual Studio 2013\Projects\image_process\packages\libtiff.4.0.6.2\build\native\../..//build/native/include/" -I"C:\Users\Dashuai Qin\Documents\Visual Studio 2013\Projects\image_process\packages\libjpeg.9.0.1.4\build\native\../..//build/native/include/" -I"C:\Users\Dashuai Qin\Documents\Visual Studio 2013\Projects\image_process\packages\zlib.v120.windesktop.msvcstl.dyn.rt-dyn.1.2.8.8\build\native\include" -I"C:\Program Files\NVIDIA GPU Computing Toolkit\CUDA\v8.0\include" -I"C:\Program Files\NVIDIA GPU Computing Toolkit\CUDA\v8.0\include"     --keep-dir x64\Release -maxrregcount=0  --machine 64 --compile -cudart static     -DHAS_LIBTIFF -DHAS_LIBJPEG -DWIN32 -DWIN64 -DNDEBUG -D_CONSOLE -D_MBCS -Xcompiler "/EHsc /W3 /nologo /O2 /FS /Zi  /MD " -o x64\Release\image_process.cu.obj "C:\Users\Dashuai Qin\Documents\Visual Studio 2013\Projects\image_process\image_process\image_process.cu"
         
         C:\Users\Dashuai Qin\Documents\Visual Studio 2013\Projects\image_process\image_process>"C:\Program Files\NVIDIA GPU Computing Toolkit\CUDA\v8.0\bin\nvcc.exe" -gencode=arch=compute_20,code=\"sm_20,compute_20\" --use-local-env --cl-version 2013 -ccbin "C:\Program Files (x86)\Microsoft Visual Studio 12.0\VC\bin\x86_amd64"  -I"C:\Users\Dashuai Qin\Documents\Visual Studio 2013\Projects\image_process\packages\libtiff.4.0.6.2\build\native\../..//build/native/include/" -I"C:\Users\Dashuai Qin\Documents\Visual Studio 2013\Projects\image_process\packages\libjpeg.9.0.1.4\build\native\../..//build/native/include/" -I"C:\Users\Dashuai Qin\Documents\Visual Studio 2013\Projects\image_process\packages\zlib.v120.windesktop.msvcstl.dyn.rt-dyn.1.2.8.8\build\native\include" -I"C:\Program Files\NVIDIA GPU Computing Toolkit\CUDA\v8.0\include" -I"C:\Program Files\NVIDIA GPU Computing Toolkit\CUDA\v8.0\include"     --keep-dir x64\Release -maxrregcount=0  --machine 64 --compile -cudart static     -DHAS_LIBTIFF -DHAS_LIBJPEG -DWIN32 -DWIN64 -DNDEBUG -D_CONSOLE -D_MBCS -Xcompiler "/EHsc /W3 /nologo /O2 /FS /Zi  /MD " -o x64\Release\image_process.cu.obj "C:\Users\Dashuai Qin\Documents\Visual Studio 2013\Projects\image_process\image_process\image_process.cu" 
     1>C:/Users/Dashuai Qin/Documents/Visual Studio 2013/Projects/image_process/image_process/image_process.cu(192): warning : variable "max_value" was set but never used
     1>C:/Users/Dashuai Qin/Documents/Visual Studio 2013/Projects/image_process/image_process/image_process.cu(192): warning : variable "max_value" was set but never used
     1>CUDACOMPILE : nvcc warning : The 'compute_20', 'sm_20', and 'sm_21' architectures are deprecated, and may be removed in a future release (Use -Wno-deprecated-gpu-targets to suppress warning).
         image_process.cu
     1>C:/Users/Dashuai Qin/Documents/Visual Studio 2013/Projects/image_process/image_process/image_process.cu(229): warning C4244: '=' : conversion from '__int64' to 'int', possible loss of data
     1>Done Building Project "C:\Users\Dashuai Qin\Documents\Visual Studio 2013\Projects\image_process\image_process\image_process.vcxproj" (CudaBuildCore target(s)).
     1>Link:
         C:\Program Files (x86)\Microsoft Visual Studio 12.0\VC\bin\x86_amd64\link.exe /ERRORREPORT:PROMPT /OUT:"C:\Users\Dashuai Qin\Documents\Visual Studio 2013\Projects\image_process\x64\Release\image_process.exe" /NOLOGO /LIBPATH:"C:\Program Files\NVIDIA GPU Computing Toolkit\CUDA\v8.0\lib\x64" "C:\Users\Dashuai Qin\Documents\Visual Studio 2013\Projects\image_process\packages\libtiff.4.0.6.2\build\native\../..//build/native/lib/Release\x64\v120\libtiff.lib" "C:\Users\Dashuai Qin\Documents\Visual Studio 2013\Projects\image_process\packages\libjpeg.9.0.1.4\build\native\../..//build/native/lib/v120\x64\Release\dynamic\cdecl\jpeg.lib" "C:\Users\Dashuai Qin\Documents\Visual Studio 2013\Projects\image_process\packages\zlib.v120.windesktop.msvcstl.dyn.rt-dyn.1.2.8.8\build\native\..\..\lib\native\v120\windesktop\msvcstl\dyn\rt-dyn\x64\Release\zlib.lib" cufft.lib cudart.lib kernel32.lib user32.lib gdi32.lib winspool.lib comdlg32.lib advapi32.lib shell32.lib ole32.lib oleaut32.lib uuid.lib odbc32.lib odbccp32.lib kernel32.lib user32.lib gdi32.lib winspool.lib comdlg32.lib advapi32.lib shell32.lib ole32.lib oleaut32.lib uuid.lib odbc32.lib odbccp32.lib /MANIFEST /MANIFESTUAC:"level='asInvoker' uiAccess='false'" /manifest:embed /DEBUG /PDB:"C:\Users\Dashuai Qin\Documents\Visual Studio 2013\Projects\image_process\x64\Release\image_process.pdb" /SUBSYSTEM:CONSOLE /OPT:REF /OPT:ICF /LTCG /TLBID:1 /DYNAMICBASE /NXCOMPAT /IMPLIB:"C:\Users\Dashuai Qin\Documents\Visual Studio 2013\Projects\image_process\x64\Release\image_process.lib" /MACHINE:X64 x64\Release\image_process.cu.obj
         LINK : /LTCG specified but no code generation required; remove /LTCG from the link command line to improve linker performance
         image_process.vcxproj -> C:\Users\Dashuai Qin\Documents\Visual Studio 2013\Projects\image_process\x64\Release\image_process.exe
       PostBuildEvent:
         echo copy "C:\Program Files\NVIDIA GPU Computing Toolkit\CUDA\v8.0\bin\cudart*.dll" "C:\Users\Dashuai Qin\Documents\Visual Studio 2013\Projects\image_process\x64\Release\"
         copy "C:\Program Files\NVIDIA GPU Computing Toolkit\CUDA\v8.0\bin\cudart*.dll" "C:\Users\Dashuai Qin\Documents\Visual Studio 2013\Projects\image_process\x64\Release\"
         :VCEnd
         copy "C:\Program Files\NVIDIA GPU Computing Toolkit\CUDA\v8.0\bin\cudart*.dll" "C:\Users\Dashuai Qin\Documents\Visual Studio 2013\Projects\image_process\x64\Release\"
         C:\Program Files\NVIDIA GPU Computing Toolkit\CUDA\v8.0\bin\cudart32_80.dll
         C:\Program Files\NVIDIA GPU Computing Toolkit\CUDA\v8.0\bin\cudart64_80.dll
                 2 file(s) copied.
     1>Done Building Project "C:\Users\Dashuai Qin\Documents\Visual Studio 2013\Projects\image_process\image_process\image_process.vcxproj" (Build target(s)).

Build succeeded.

Time Elapsed 00:00:21.06
